[2025-10-06T19:10:47.946+0000] {processor.py:161} INFO - Started process (PID=65) to work on /opt/airflow/dags/airflow.py
[2025-10-06T19:10:47.947+0000] {processor.py:830} INFO - Processing file /opt/airflow/dags/airflow.py for tasks to queue
[2025-10-06T19:10:47.950+0000] {logging_mixin.py:188} INFO - [2025-10-06T19:10:47.950+0000] {dagbag.py:545} INFO - Filling up the DagBag from /opt/airflow/dags/airflow.py
[2025-10-06T19:10:51.590+0000] {logging_mixin.py:188} INFO - [2025-10-06T19:10:51.581+0000] {dagbag.py:355} ERROR - Failed to import: /opt/airflow/dags/airflow.py
Traceback (most recent call last):
  File "/home/airflow/.local/lib/python3.12/site-packages/airflow/models/dagbag.py", line 351, in parse
    loader.exec_module(new_module)
  File "<frozen importlib._bootstrap_external>", line 995, in exec_module
  File "<frozen importlib._bootstrap>", line 488, in _call_with_frames_removed
  File "/opt/airflow/dags/airflow.py", line 6, in <module>
    from src.lab import load_data, data_preprocessing, build_save_model, load_model_elbow
ImportError: cannot import name 'load_model_elbow' from 'src.lab' (/opt/airflow/dags/src/lab.py)
[2025-10-06T19:10:51.591+0000] {processor.py:842} WARNING - No viable dags retrieved from /opt/airflow/dags/airflow.py
[2025-10-06T19:10:51.646+0000] {processor.py:183} INFO - Processing /opt/airflow/dags/airflow.py took 3.707 seconds
[2025-10-06T19:11:22.126+0000] {processor.py:161} INFO - Started process (PID=85) to work on /opt/airflow/dags/airflow.py
[2025-10-06T19:11:22.128+0000] {processor.py:830} INFO - Processing file /opt/airflow/dags/airflow.py for tasks to queue
[2025-10-06T19:11:22.132+0000] {logging_mixin.py:188} INFO - [2025-10-06T19:11:22.131+0000] {dagbag.py:545} INFO - Filling up the DagBag from /opt/airflow/dags/airflow.py
[2025-10-06T19:11:23.194+0000] {logging_mixin.py:188} INFO - [2025-10-06T19:11:23.193+0000] {dagbag.py:355} ERROR - Failed to import: /opt/airflow/dags/airflow.py
Traceback (most recent call last):
  File "/home/airflow/.local/lib/python3.12/site-packages/airflow/models/dagbag.py", line 351, in parse
    loader.exec_module(new_module)
  File "<frozen importlib._bootstrap_external>", line 995, in exec_module
  File "<frozen importlib._bootstrap>", line 488, in _call_with_frames_removed
  File "/opt/airflow/dags/airflow.py", line 6, in <module>
    from src.lab import load_data, data_preprocessing, build_save_model, load_model_elbow
ImportError: cannot import name 'load_model_elbow' from 'src.lab' (/opt/airflow/dags/src/lab.py)
[2025-10-06T19:11:23.195+0000] {processor.py:842} WARNING - No viable dags retrieved from /opt/airflow/dags/airflow.py
[2025-10-06T19:11:23.224+0000] {processor.py:183} INFO - Processing /opt/airflow/dags/airflow.py took 1.108 seconds
[2025-10-06T19:11:53.455+0000] {processor.py:161} INFO - Started process (PID=100) to work on /opt/airflow/dags/airflow.py
[2025-10-06T19:11:53.456+0000] {processor.py:830} INFO - Processing file /opt/airflow/dags/airflow.py for tasks to queue
[2025-10-06T19:11:53.457+0000] {logging_mixin.py:188} INFO - [2025-10-06T19:11:53.457+0000] {dagbag.py:545} INFO - Filling up the DagBag from /opt/airflow/dags/airflow.py
[2025-10-06T19:11:54.280+0000] {logging_mixin.py:188} INFO - [2025-10-06T19:11:54.278+0000] {dagbag.py:355} ERROR - Failed to import: /opt/airflow/dags/airflow.py
Traceback (most recent call last):
  File "/home/airflow/.local/lib/python3.12/site-packages/airflow/models/dagbag.py", line 351, in parse
    loader.exec_module(new_module)
  File "<frozen importlib._bootstrap_external>", line 995, in exec_module
  File "<frozen importlib._bootstrap>", line 488, in _call_with_frames_removed
  File "/opt/airflow/dags/airflow.py", line 6, in <module>
    from src.lab import load_data, data_preprocessing, build_save_model, load_model_elbow
ImportError: cannot import name 'load_model_elbow' from 'src.lab' (/opt/airflow/dags/src/lab.py)
[2025-10-06T19:11:54.280+0000] {processor.py:842} WARNING - No viable dags retrieved from /opt/airflow/dags/airflow.py
[2025-10-06T19:11:54.291+0000] {processor.py:183} INFO - Processing /opt/airflow/dags/airflow.py took 0.842 seconds
[2025-10-06T19:12:24.598+0000] {processor.py:161} INFO - Started process (PID=115) to work on /opt/airflow/dags/airflow.py
[2025-10-06T19:12:24.600+0000] {processor.py:830} INFO - Processing file /opt/airflow/dags/airflow.py for tasks to queue
[2025-10-06T19:12:24.601+0000] {logging_mixin.py:188} INFO - [2025-10-06T19:12:24.600+0000] {dagbag.py:545} INFO - Filling up the DagBag from /opt/airflow/dags/airflow.py
[2025-10-06T19:12:25.434+0000] {logging_mixin.py:188} INFO - [2025-10-06T19:12:25.432+0000] {dagbag.py:355} ERROR - Failed to import: /opt/airflow/dags/airflow.py
Traceback (most recent call last):
  File "/home/airflow/.local/lib/python3.12/site-packages/airflow/models/dagbag.py", line 351, in parse
    loader.exec_module(new_module)
  File "<frozen importlib._bootstrap_external>", line 995, in exec_module
  File "<frozen importlib._bootstrap>", line 488, in _call_with_frames_removed
  File "/opt/airflow/dags/airflow.py", line 6, in <module>
    from src.lab import load_data, data_preprocessing, build_save_model, load_model_elbow
ImportError: cannot import name 'load_model_elbow' from 'src.lab' (/opt/airflow/dags/src/lab.py)
[2025-10-06T19:12:25.434+0000] {processor.py:842} WARNING - No viable dags retrieved from /opt/airflow/dags/airflow.py
[2025-10-06T19:12:25.447+0000] {processor.py:183} INFO - Processing /opt/airflow/dags/airflow.py took 0.856 seconds
[2025-10-06T19:12:55.866+0000] {processor.py:161} INFO - Started process (PID=130) to work on /opt/airflow/dags/airflow.py
[2025-10-06T19:12:55.867+0000] {processor.py:830} INFO - Processing file /opt/airflow/dags/airflow.py for tasks to queue
[2025-10-06T19:12:55.868+0000] {logging_mixin.py:188} INFO - [2025-10-06T19:12:55.868+0000] {dagbag.py:545} INFO - Filling up the DagBag from /opt/airflow/dags/airflow.py
[2025-10-06T19:12:56.671+0000] {logging_mixin.py:188} INFO - [2025-10-06T19:12:56.670+0000] {dagbag.py:355} ERROR - Failed to import: /opt/airflow/dags/airflow.py
Traceback (most recent call last):
  File "/home/airflow/.local/lib/python3.12/site-packages/airflow/models/dagbag.py", line 351, in parse
    loader.exec_module(new_module)
  File "<frozen importlib._bootstrap_external>", line 995, in exec_module
  File "<frozen importlib._bootstrap>", line 488, in _call_with_frames_removed
  File "/opt/airflow/dags/airflow.py", line 6, in <module>
    from src.lab import load_data, data_preprocessing, build_save_model, load_model_elbow
ImportError: cannot import name 'load_model_elbow' from 'src.lab' (/opt/airflow/dags/src/lab.py)
[2025-10-06T19:12:56.672+0000] {processor.py:842} WARNING - No viable dags retrieved from /opt/airflow/dags/airflow.py
[2025-10-06T19:12:56.685+0000] {processor.py:183} INFO - Processing /opt/airflow/dags/airflow.py took 0.825 seconds
[2025-10-06T19:13:19.959+0000] {processor.py:161} INFO - Started process (PID=139) to work on /opt/airflow/dags/airflow.py
[2025-10-06T19:13:19.961+0000] {processor.py:830} INFO - Processing file /opt/airflow/dags/airflow.py for tasks to queue
[2025-10-06T19:13:19.963+0000] {logging_mixin.py:188} INFO - [2025-10-06T19:13:19.962+0000] {dagbag.py:545} INFO - Filling up the DagBag from /opt/airflow/dags/airflow.py
[2025-10-06T19:13:21.123+0000] {logging_mixin.py:188} INFO - [2025-10-06T19:13:21.121+0000] {dagbag.py:355} ERROR - Failed to import: /opt/airflow/dags/airflow.py
Traceback (most recent call last):
  File "/home/airflow/.local/lib/python3.12/site-packages/airflow/models/dagbag.py", line 351, in parse
    loader.exec_module(new_module)
  File "<frozen importlib._bootstrap_external>", line 995, in exec_module
  File "<frozen importlib._bootstrap>", line 488, in _call_with_frames_removed
  File "/opt/airflow/dags/airflow.py", line 6, in <module>
    from src.lab import load_data, data_preprocessing, build_save_model, load_model_
ImportError: cannot import name 'load_model_' from 'src.lab' (/opt/airflow/dags/src/lab.py)
[2025-10-06T19:13:21.124+0000] {processor.py:842} WARNING - No viable dags retrieved from /opt/airflow/dags/airflow.py
[2025-10-06T19:13:21.146+0000] {processor.py:183} INFO - Processing /opt/airflow/dags/airflow.py took 1.197 seconds
[2025-10-06T19:13:22.212+0000] {processor.py:161} INFO - Started process (PID=154) to work on /opt/airflow/dags/airflow.py
[2025-10-06T19:13:22.217+0000] {processor.py:830} INFO - Processing file /opt/airflow/dags/airflow.py for tasks to queue
[2025-10-06T19:13:22.218+0000] {logging_mixin.py:188} INFO - [2025-10-06T19:13:22.217+0000] {dagbag.py:545} INFO - Filling up the DagBag from /opt/airflow/dags/airflow.py
[2025-10-06T19:13:23.258+0000] {logging_mixin.py:188} INFO - [2025-10-06T19:13:23.253+0000] {dagbag.py:355} ERROR - Failed to import: /opt/airflow/dags/airflow.py
Traceback (most recent call last):
  File "/home/airflow/.local/lib/python3.12/site-packages/airflow/models/dagbag.py", line 351, in parse
    loader.exec_module(new_module)
  File "<frozen importlib._bootstrap_external>", line 995, in exec_module
  File "<frozen importlib._bootstrap>", line 488, in _call_with_frames_removed
  File "/opt/airflow/dags/airflow.py", line 52, in <module>
    python_callable=load_model_elbow,
                    ^^^^^^^^^^^^^^^^
NameError: name 'load_model_elbow' is not defined. Did you mean: 'load_model_predict'?
[2025-10-06T19:13:23.261+0000] {processor.py:842} WARNING - No viable dags retrieved from /opt/airflow/dags/airflow.py
[2025-10-06T19:13:23.283+0000] {processor.py:183} INFO - Processing /opt/airflow/dags/airflow.py took 1.084 seconds
[2025-10-06T19:13:25.232+0000] {processor.py:161} INFO - Started process (PID=163) to work on /opt/airflow/dags/airflow.py
[2025-10-06T19:13:25.234+0000] {processor.py:830} INFO - Processing file /opt/airflow/dags/airflow.py for tasks to queue
[2025-10-06T19:13:25.235+0000] {logging_mixin.py:188} INFO - [2025-10-06T19:13:25.234+0000] {dagbag.py:545} INFO - Filling up the DagBag from /opt/airflow/dags/airflow.py
[2025-10-06T19:13:26.244+0000] {logging_mixin.py:188} INFO - [2025-10-06T19:13:26.240+0000] {dagbag.py:355} ERROR - Failed to import: /opt/airflow/dags/airflow.py
Traceback (most recent call last):
  File "/home/airflow/.local/lib/python3.12/site-packages/airflow/models/dagbag.py", line 351, in parse
    loader.exec_module(new_module)
  File "<frozen importlib._bootstrap_external>", line 995, in exec_module
  File "<frozen importlib._bootstrap>", line 488, in _call_with_frames_removed
  File "/opt/airflow/dags/airflow.py", line 52, in <module>
    python_callable=load_model_elbow,
                    ^^^^^^^^^^^^^^^^
NameError: name 'load_model_elbow' is not defined. Did you mean: 'load_model_predict'?
[2025-10-06T19:13:26.248+0000] {processor.py:842} WARNING - No viable dags retrieved from /opt/airflow/dags/airflow.py
[2025-10-06T19:13:26.261+0000] {processor.py:183} INFO - Processing /opt/airflow/dags/airflow.py took 1.036 seconds
[2025-10-06T19:13:37.398+0000] {processor.py:161} INFO - Started process (PID=172) to work on /opt/airflow/dags/airflow.py
[2025-10-06T19:13:37.400+0000] {processor.py:830} INFO - Processing file /opt/airflow/dags/airflow.py for tasks to queue
[2025-10-06T19:13:37.402+0000] {logging_mixin.py:188} INFO - [2025-10-06T19:13:37.401+0000] {dagbag.py:545} INFO - Filling up the DagBag from /opt/airflow/dags/airflow.py
[2025-10-06T19:13:38.513+0000] {processor.py:840} INFO - DAG(s) 'Airflow_Lab1' retrieved from /opt/airflow/dags/airflow.py
[2025-10-06T19:13:38.632+0000] {logging_mixin.py:188} INFO - [2025-10-06T19:13:38.632+0000] {dag.py:3096} INFO - Sync 1 DAGs
[2025-10-06T19:13:38.644+0000] {logging_mixin.py:188} INFO - [2025-10-06T19:13:38.644+0000] {dag.py:3954} INFO - Setting next_dagrun for Airflow_Lab1 to 2025-10-06 00:00:00+00:00, run_after=2025-10-07 00:00:00+00:00
[2025-10-06T19:13:38.657+0000] {processor.py:183} INFO - Processing /opt/airflow/dags/airflow.py took 1.267 seconds
[2025-10-06T19:14:08.905+0000] {processor.py:161} INFO - Started process (PID=187) to work on /opt/airflow/dags/airflow.py
[2025-10-06T19:14:08.906+0000] {processor.py:830} INFO - Processing file /opt/airflow/dags/airflow.py for tasks to queue
[2025-10-06T19:14:08.907+0000] {logging_mixin.py:188} INFO - [2025-10-06T19:14:08.907+0000] {dagbag.py:545} INFO - Filling up the DagBag from /opt/airflow/dags/airflow.py
[2025-10-06T19:14:10.161+0000] {processor.py:840} INFO - DAG(s) 'Airflow_Lab1' retrieved from /opt/airflow/dags/airflow.py
[2025-10-06T19:14:10.190+0000] {logging_mixin.py:188} INFO - [2025-10-06T19:14:10.189+0000] {dag.py:3096} INFO - Sync 1 DAGs
[2025-10-06T19:14:10.219+0000] {logging_mixin.py:188} INFO - [2025-10-06T19:14:10.218+0000] {dag.py:3954} INFO - Setting next_dagrun for Airflow_Lab1 to 2025-10-06 00:00:00+00:00, run_after=2025-10-07 00:00:00+00:00
[2025-10-06T19:14:10.246+0000] {processor.py:183} INFO - Processing /opt/airflow/dags/airflow.py took 1.348 seconds
[2025-10-06T19:14:40.509+0000] {processor.py:161} INFO - Started process (PID=202) to work on /opt/airflow/dags/airflow.py
[2025-10-06T19:14:40.510+0000] {processor.py:830} INFO - Processing file /opt/airflow/dags/airflow.py for tasks to queue
[2025-10-06T19:14:40.511+0000] {logging_mixin.py:188} INFO - [2025-10-06T19:14:40.511+0000] {dagbag.py:545} INFO - Filling up the DagBag from /opt/airflow/dags/airflow.py
[2025-10-06T19:14:41.892+0000] {processor.py:840} INFO - DAG(s) 'Airflow_Lab1' retrieved from /opt/airflow/dags/airflow.py
[2025-10-06T19:14:41.944+0000] {logging_mixin.py:188} INFO - [2025-10-06T19:14:41.943+0000] {dag.py:3096} INFO - Sync 1 DAGs
[2025-10-06T19:14:41.977+0000] {logging_mixin.py:188} INFO - [2025-10-06T19:14:41.977+0000] {dag.py:3954} INFO - Setting next_dagrun for Airflow_Lab1 to 2025-10-06 00:00:00+00:00, run_after=2025-10-07 00:00:00+00:00
[2025-10-06T19:14:41.995+0000] {processor.py:183} INFO - Processing /opt/airflow/dags/airflow.py took 1.494 seconds
[2025-10-06T19:15:12.422+0000] {processor.py:161} INFO - Started process (PID=217) to work on /opt/airflow/dags/airflow.py
[2025-10-06T19:15:12.424+0000] {processor.py:830} INFO - Processing file /opt/airflow/dags/airflow.py for tasks to queue
[2025-10-06T19:15:12.425+0000] {logging_mixin.py:188} INFO - [2025-10-06T19:15:12.425+0000] {dagbag.py:545} INFO - Filling up the DagBag from /opt/airflow/dags/airflow.py
[2025-10-06T19:15:13.573+0000] {processor.py:840} INFO - DAG(s) 'Airflow_Lab1' retrieved from /opt/airflow/dags/airflow.py
[2025-10-06T19:15:13.613+0000] {logging_mixin.py:188} INFO - [2025-10-06T19:15:13.612+0000] {dag.py:3096} INFO - Sync 1 DAGs
[2025-10-06T19:15:13.635+0000] {logging_mixin.py:188} INFO - [2025-10-06T19:15:13.635+0000] {dag.py:3954} INFO - Setting next_dagrun for Airflow_Lab1 to 2025-10-06 00:00:00+00:00, run_after=2025-10-07 00:00:00+00:00
[2025-10-06T19:15:13.649+0000] {processor.py:183} INFO - Processing /opt/airflow/dags/airflow.py took 1.235 seconds
[2025-10-06T19:15:43.820+0000] {processor.py:161} INFO - Started process (PID=232) to work on /opt/airflow/dags/airflow.py
[2025-10-06T19:15:43.822+0000] {processor.py:830} INFO - Processing file /opt/airflow/dags/airflow.py for tasks to queue
[2025-10-06T19:15:43.824+0000] {logging_mixin.py:188} INFO - [2025-10-06T19:15:43.823+0000] {dagbag.py:545} INFO - Filling up the DagBag from /opt/airflow/dags/airflow.py
[2025-10-06T19:15:44.783+0000] {processor.py:840} INFO - DAG(s) 'Airflow_Lab1' retrieved from /opt/airflow/dags/airflow.py
[2025-10-06T19:15:44.807+0000] {logging_mixin.py:188} INFO - [2025-10-06T19:15:44.807+0000] {dag.py:3096} INFO - Sync 1 DAGs
[2025-10-06T19:15:44.820+0000] {logging_mixin.py:188} INFO - [2025-10-06T19:15:44.820+0000] {dag.py:3954} INFO - Setting next_dagrun for Airflow_Lab1 to 2025-10-06 00:00:00+00:00, run_after=2025-10-07 00:00:00+00:00
[2025-10-06T19:15:44.830+0000] {processor.py:183} INFO - Processing /opt/airflow/dags/airflow.py took 1.028 seconds
[2025-10-06T19:16:15.107+0000] {processor.py:161} INFO - Started process (PID=247) to work on /opt/airflow/dags/airflow.py
[2025-10-06T19:16:15.109+0000] {processor.py:830} INFO - Processing file /opt/airflow/dags/airflow.py for tasks to queue
[2025-10-06T19:16:15.110+0000] {logging_mixin.py:188} INFO - [2025-10-06T19:16:15.110+0000] {dagbag.py:545} INFO - Filling up the DagBag from /opt/airflow/dags/airflow.py
[2025-10-06T19:16:16.073+0000] {processor.py:840} INFO - DAG(s) 'Airflow_Lab1' retrieved from /opt/airflow/dags/airflow.py
[2025-10-06T19:16:16.102+0000] {logging_mixin.py:188} INFO - [2025-10-06T19:16:16.102+0000] {dag.py:3096} INFO - Sync 1 DAGs
[2025-10-06T19:16:16.115+0000] {logging_mixin.py:188} INFO - [2025-10-06T19:16:16.115+0000] {dag.py:3954} INFO - Setting next_dagrun for Airflow_Lab1 to 2025-10-06 00:00:00+00:00, run_after=2025-10-07 00:00:00+00:00
[2025-10-06T19:16:16.125+0000] {processor.py:183} INFO - Processing /opt/airflow/dags/airflow.py took 1.026 seconds
[2025-10-06T19:16:46.450+0000] {processor.py:161} INFO - Started process (PID=262) to work on /opt/airflow/dags/airflow.py
[2025-10-06T19:16:46.453+0000] {processor.py:830} INFO - Processing file /opt/airflow/dags/airflow.py for tasks to queue
[2025-10-06T19:16:46.454+0000] {logging_mixin.py:188} INFO - [2025-10-06T19:16:46.453+0000] {dagbag.py:545} INFO - Filling up the DagBag from /opt/airflow/dags/airflow.py
[2025-10-06T19:16:47.365+0000] {processor.py:840} INFO - DAG(s) 'Airflow_Lab1' retrieved from /opt/airflow/dags/airflow.py
[2025-10-06T19:16:47.387+0000] {logging_mixin.py:188} INFO - [2025-10-06T19:16:47.387+0000] {dag.py:3096} INFO - Sync 1 DAGs
[2025-10-06T19:16:47.399+0000] {logging_mixin.py:188} INFO - [2025-10-06T19:16:47.398+0000] {dag.py:3954} INFO - Setting next_dagrun for Airflow_Lab1 to 2025-10-06 00:00:00+00:00, run_after=2025-10-07 00:00:00+00:00
[2025-10-06T19:16:47.409+0000] {processor.py:183} INFO - Processing /opt/airflow/dags/airflow.py took 0.966 seconds
[2025-10-06T19:17:17.742+0000] {processor.py:161} INFO - Started process (PID=277) to work on /opt/airflow/dags/airflow.py
[2025-10-06T19:17:17.745+0000] {processor.py:830} INFO - Processing file /opt/airflow/dags/airflow.py for tasks to queue
[2025-10-06T19:17:17.746+0000] {logging_mixin.py:188} INFO - [2025-10-06T19:17:17.745+0000] {dagbag.py:545} INFO - Filling up the DagBag from /opt/airflow/dags/airflow.py
[2025-10-06T19:17:19.075+0000] {processor.py:840} INFO - DAG(s) 'Airflow_Lab1' retrieved from /opt/airflow/dags/airflow.py
[2025-10-06T19:17:19.324+0000] {logging_mixin.py:188} INFO - [2025-10-06T19:17:19.321+0000] {dag.py:3096} INFO - Sync 1 DAGs
[2025-10-06T19:17:19.379+0000] {logging_mixin.py:188} INFO - [2025-10-06T19:17:19.378+0000] {dag.py:3954} INFO - Setting next_dagrun for Airflow_Lab1 to 2025-10-06 00:00:00+00:00, run_after=2025-10-07 00:00:00+00:00
[2025-10-06T19:17:19.410+0000] {processor.py:183} INFO - Processing /opt/airflow/dags/airflow.py took 1.676 seconds
[2025-10-06T19:17:49.815+0000] {processor.py:161} INFO - Started process (PID=292) to work on /opt/airflow/dags/airflow.py
[2025-10-06T19:17:49.818+0000] {processor.py:830} INFO - Processing file /opt/airflow/dags/airflow.py for tasks to queue
[2025-10-06T19:17:49.819+0000] {logging_mixin.py:188} INFO - [2025-10-06T19:17:49.818+0000] {dagbag.py:545} INFO - Filling up the DagBag from /opt/airflow/dags/airflow.py
[2025-10-06T19:17:50.700+0000] {processor.py:840} INFO - DAG(s) 'Airflow_Lab1' retrieved from /opt/airflow/dags/airflow.py
[2025-10-06T19:17:50.724+0000] {logging_mixin.py:188} INFO - [2025-10-06T19:17:50.724+0000] {dag.py:3096} INFO - Sync 1 DAGs
[2025-10-06T19:17:50.736+0000] {logging_mixin.py:188} INFO - [2025-10-06T19:17:50.736+0000] {dag.py:3954} INFO - Setting next_dagrun for Airflow_Lab1 to 2025-10-06 00:00:00+00:00, run_after=2025-10-07 00:00:00+00:00
[2025-10-06T19:17:50.747+0000] {processor.py:183} INFO - Processing /opt/airflow/dags/airflow.py took 0.941 seconds
[2025-10-06T19:18:21.121+0000] {processor.py:161} INFO - Started process (PID=307) to work on /opt/airflow/dags/airflow.py
[2025-10-06T19:18:21.123+0000] {processor.py:830} INFO - Processing file /opt/airflow/dags/airflow.py for tasks to queue
[2025-10-06T19:18:21.124+0000] {logging_mixin.py:188} INFO - [2025-10-06T19:18:21.123+0000] {dagbag.py:545} INFO - Filling up the DagBag from /opt/airflow/dags/airflow.py
[2025-10-06T19:18:22.115+0000] {processor.py:840} INFO - DAG(s) 'Airflow_Lab1' retrieved from /opt/airflow/dags/airflow.py
[2025-10-06T19:18:22.133+0000] {logging_mixin.py:188} INFO - [2025-10-06T19:18:22.133+0000] {dag.py:3096} INFO - Sync 1 DAGs
[2025-10-06T19:18:22.146+0000] {logging_mixin.py:188} INFO - [2025-10-06T19:18:22.145+0000] {dag.py:3954} INFO - Setting next_dagrun for Airflow_Lab1 to 2025-10-06 00:00:00+00:00, run_after=2025-10-07 00:00:00+00:00
[2025-10-06T19:18:22.154+0000] {processor.py:183} INFO - Processing /opt/airflow/dags/airflow.py took 1.040 seconds
[2025-10-06T19:18:52.528+0000] {processor.py:161} INFO - Started process (PID=328) to work on /opt/airflow/dags/airflow.py
[2025-10-06T19:18:52.530+0000] {processor.py:830} INFO - Processing file /opt/airflow/dags/airflow.py for tasks to queue
[2025-10-06T19:18:52.531+0000] {logging_mixin.py:188} INFO - [2025-10-06T19:18:52.531+0000] {dagbag.py:545} INFO - Filling up the DagBag from /opt/airflow/dags/airflow.py
[2025-10-06T19:18:53.318+0000] {processor.py:840} INFO - DAG(s) 'Airflow_Lab1' retrieved from /opt/airflow/dags/airflow.py
[2025-10-06T19:18:53.337+0000] {logging_mixin.py:188} INFO - [2025-10-06T19:18:53.337+0000] {dag.py:3096} INFO - Sync 1 DAGs
[2025-10-06T19:18:53.350+0000] {logging_mixin.py:188} INFO - [2025-10-06T19:18:53.350+0000] {dag.py:3954} INFO - Setting next_dagrun for Airflow_Lab1 to 2025-10-06 00:00:00+00:00, run_after=2025-10-07 00:00:00+00:00
[2025-10-06T19:18:53.360+0000] {processor.py:183} INFO - Processing /opt/airflow/dags/airflow.py took 0.839 seconds
[2025-10-06T19:19:23.701+0000] {processor.py:161} INFO - Started process (PID=343) to work on /opt/airflow/dags/airflow.py
[2025-10-06T19:19:23.702+0000] {processor.py:830} INFO - Processing file /opt/airflow/dags/airflow.py for tasks to queue
[2025-10-06T19:19:23.703+0000] {logging_mixin.py:188} INFO - [2025-10-06T19:19:23.703+0000] {dagbag.py:545} INFO - Filling up the DagBag from /opt/airflow/dags/airflow.py
[2025-10-06T19:19:24.499+0000] {processor.py:840} INFO - DAG(s) 'Airflow_Lab1' retrieved from /opt/airflow/dags/airflow.py
[2025-10-06T19:19:24.517+0000] {logging_mixin.py:188} INFO - [2025-10-06T19:19:24.517+0000] {dag.py:3096} INFO - Sync 1 DAGs
[2025-10-06T19:19:24.529+0000] {logging_mixin.py:188} INFO - [2025-10-06T19:19:24.529+0000] {dag.py:3954} INFO - Setting next_dagrun for Airflow_Lab1 to 2025-10-06 00:00:00+00:00, run_after=2025-10-07 00:00:00+00:00
[2025-10-06T19:19:24.537+0000] {processor.py:183} INFO - Processing /opt/airflow/dags/airflow.py took 0.844 seconds
[2025-10-06T19:19:54.845+0000] {processor.py:161} INFO - Started process (PID=358) to work on /opt/airflow/dags/airflow.py
[2025-10-06T19:19:54.849+0000] {processor.py:830} INFO - Processing file /opt/airflow/dags/airflow.py for tasks to queue
[2025-10-06T19:19:54.850+0000] {logging_mixin.py:188} INFO - [2025-10-06T19:19:54.850+0000] {dagbag.py:545} INFO - Filling up the DagBag from /opt/airflow/dags/airflow.py
[2025-10-06T19:19:55.912+0000] {processor.py:840} INFO - DAG(s) 'Airflow_Lab1' retrieved from /opt/airflow/dags/airflow.py
[2025-10-06T19:19:55.935+0000] {logging_mixin.py:188} INFO - [2025-10-06T19:19:55.934+0000] {dag.py:3096} INFO - Sync 1 DAGs
[2025-10-06T19:19:55.948+0000] {logging_mixin.py:188} INFO - [2025-10-06T19:19:55.948+0000] {dag.py:3954} INFO - Setting next_dagrun for Airflow_Lab1 to 2025-10-06 00:00:00+00:00, run_after=2025-10-07 00:00:00+00:00
[2025-10-06T19:19:55.958+0000] {processor.py:183} INFO - Processing /opt/airflow/dags/airflow.py took 1.126 seconds
[2025-10-06T19:20:26.186+0000] {processor.py:161} INFO - Started process (PID=373) to work on /opt/airflow/dags/airflow.py
[2025-10-06T19:20:26.187+0000] {processor.py:830} INFO - Processing file /opt/airflow/dags/airflow.py for tasks to queue
[2025-10-06T19:20:26.188+0000] {logging_mixin.py:188} INFO - [2025-10-06T19:20:26.188+0000] {dagbag.py:545} INFO - Filling up the DagBag from /opt/airflow/dags/airflow.py
[2025-10-06T19:20:27.152+0000] {processor.py:840} INFO - DAG(s) 'Airflow_Lab1' retrieved from /opt/airflow/dags/airflow.py
[2025-10-06T19:20:27.172+0000] {logging_mixin.py:188} INFO - [2025-10-06T19:20:27.172+0000] {dag.py:3096} INFO - Sync 1 DAGs
[2025-10-06T19:20:27.189+0000] {logging_mixin.py:188} INFO - [2025-10-06T19:20:27.188+0000] {dag.py:3954} INFO - Setting next_dagrun for Airflow_Lab1 to 2025-10-06 00:00:00+00:00, run_after=2025-10-07 00:00:00+00:00
[2025-10-06T19:20:27.199+0000] {processor.py:183} INFO - Processing /opt/airflow/dags/airflow.py took 1.021 seconds
[2025-10-06T19:20:42.438+0000] {processor.py:161} INFO - Started process (PID=382) to work on /opt/airflow/dags/airflow.py
[2025-10-06T19:20:42.440+0000] {processor.py:830} INFO - Processing file /opt/airflow/dags/airflow.py for tasks to queue
[2025-10-06T19:20:42.442+0000] {logging_mixin.py:188} INFO - [2025-10-06T19:20:42.441+0000] {dagbag.py:545} INFO - Filling up the DagBag from /opt/airflow/dags/airflow.py
[2025-10-06T19:20:43.583+0000] {processor.py:840} INFO - DAG(s) 'Airflow_Lab1' retrieved from /opt/airflow/dags/airflow.py
[2025-10-06T19:20:43.824+0000] {logging_mixin.py:188} INFO - [2025-10-06T19:20:43.822+0000] {dag.py:3096} INFO - Sync 1 DAGs
[2025-10-06T19:20:43.854+0000] {logging_mixin.py:188} INFO - [2025-10-06T19:20:43.854+0000] {dag.py:3954} INFO - Setting next_dagrun for Airflow_Lab1 to 2025-10-06 00:00:00+00:00, run_after=2025-10-07 00:00:00+00:00
[2025-10-06T19:20:43.900+0000] {processor.py:183} INFO - Processing /opt/airflow/dags/airflow.py took 1.476 seconds
[2025-10-06T19:21:14.278+0000] {processor.py:161} INFO - Started process (PID=397) to work on /opt/airflow/dags/airflow.py
[2025-10-06T19:21:14.282+0000] {processor.py:830} INFO - Processing file /opt/airflow/dags/airflow.py for tasks to queue
[2025-10-06T19:21:14.287+0000] {logging_mixin.py:188} INFO - [2025-10-06T19:21:14.286+0000] {dagbag.py:545} INFO - Filling up the DagBag from /opt/airflow/dags/airflow.py
[2025-10-06T19:21:15.264+0000] {processor.py:840} INFO - DAG(s) 'Airflow_Lab1' retrieved from /opt/airflow/dags/airflow.py
[2025-10-06T19:21:15.286+0000] {logging_mixin.py:188} INFO - [2025-10-06T19:21:15.286+0000] {dag.py:3096} INFO - Sync 1 DAGs
[2025-10-06T19:21:15.298+0000] {logging_mixin.py:188} INFO - [2025-10-06T19:21:15.298+0000] {dag.py:3954} INFO - Setting next_dagrun for Airflow_Lab1 to 2025-10-06 00:00:00+00:00, run_after=2025-10-07 00:00:00+00:00
[2025-10-06T19:21:15.309+0000] {processor.py:183} INFO - Processing /opt/airflow/dags/airflow.py took 1.044 seconds
[2025-10-06T19:22:46.275+0000] {processor.py:161} INFO - Started process (PID=63) to work on /opt/airflow/dags/airflow.py
[2025-10-06T19:22:46.277+0000] {processor.py:830} INFO - Processing file /opt/airflow/dags/airflow.py for tasks to queue
[2025-10-06T19:22:46.281+0000] {logging_mixin.py:188} INFO - [2025-10-06T19:22:46.280+0000] {dagbag.py:545} INFO - Filling up the DagBag from /opt/airflow/dags/airflow.py
[2025-10-06T19:22:48.287+0000] {processor.py:840} INFO - DAG(s) 'Airflow_Lab1' retrieved from /opt/airflow/dags/airflow.py
[2025-10-06T19:22:48.610+0000] {logging_mixin.py:188} INFO - [2025-10-06T19:22:48.609+0000] {dag.py:3096} INFO - Sync 1 DAGs
[2025-10-06T19:22:48.627+0000] {logging_mixin.py:188} INFO - [2025-10-06T19:22:48.626+0000] {dag.py:3118} INFO - Creating ORM DAG for Airflow_Lab1
[2025-10-06T19:22:48.638+0000] {logging_mixin.py:188} INFO - [2025-10-06T19:22:48.638+0000] {dag.py:3954} INFO - Setting next_dagrun for Airflow_Lab1 to 2025-10-05 00:00:00+00:00, run_after=2025-10-06 00:00:00+00:00
[2025-10-06T19:22:48.657+0000] {processor.py:183} INFO - Processing /opt/airflow/dags/airflow.py took 2.395 seconds
[2025-10-06T19:23:02.874+0000] {processor.py:161} INFO - Started process (PID=78) to work on /opt/airflow/dags/airflow.py
[2025-10-06T19:23:02.882+0000] {processor.py:830} INFO - Processing file /opt/airflow/dags/airflow.py for tasks to queue
[2025-10-06T19:23:02.885+0000] {logging_mixin.py:188} INFO - [2025-10-06T19:23:02.885+0000] {dagbag.py:545} INFO - Filling up the DagBag from /opt/airflow/dags/airflow.py
[2025-10-06T19:23:04.012+0000] {processor.py:840} INFO - DAG(s) 'Airflow_Lab1' retrieved from /opt/airflow/dags/airflow.py
[2025-10-06T19:23:04.030+0000] {logging_mixin.py:188} INFO - [2025-10-06T19:23:04.030+0000] {dag.py:3096} INFO - Sync 1 DAGs
[2025-10-06T19:23:04.047+0000] {logging_mixin.py:188} INFO - [2025-10-06T19:23:04.047+0000] {dag.py:3954} INFO - Setting next_dagrun for Airflow_Lab1 to 2025-10-05 00:00:00+00:00, run_after=2025-10-06 00:00:00+00:00
[2025-10-06T19:23:04.058+0000] {processor.py:183} INFO - Processing /opt/airflow/dags/airflow.py took 1.195 seconds
[2025-10-06T19:23:34.164+0000] {processor.py:161} INFO - Started process (PID=93) to work on /opt/airflow/dags/airflow.py
[2025-10-06T19:23:34.166+0000] {processor.py:830} INFO - Processing file /opt/airflow/dags/airflow.py for tasks to queue
[2025-10-06T19:23:34.169+0000] {logging_mixin.py:188} INFO - [2025-10-06T19:23:34.169+0000] {dagbag.py:545} INFO - Filling up the DagBag from /opt/airflow/dags/airflow.py
[2025-10-06T19:23:35.600+0000] {processor.py:840} INFO - DAG(s) 'Airflow_Lab1' retrieved from /opt/airflow/dags/airflow.py
[2025-10-06T19:23:35.684+0000] {logging_mixin.py:188} INFO - [2025-10-06T19:23:35.683+0000] {dag.py:3096} INFO - Sync 1 DAGs
[2025-10-06T19:23:35.701+0000] {logging_mixin.py:188} INFO - [2025-10-06T19:23:35.701+0000] {dag.py:3954} INFO - Setting next_dagrun for Airflow_Lab1 to 2025-10-06 00:00:00+00:00, run_after=2025-10-07 00:00:00+00:00
[2025-10-06T19:23:35.718+0000] {processor.py:183} INFO - Processing /opt/airflow/dags/airflow.py took 1.562 seconds
[2025-10-06T19:24:05.984+0000] {processor.py:161} INFO - Started process (PID=108) to work on /opt/airflow/dags/airflow.py
[2025-10-06T19:24:05.986+0000] {processor.py:830} INFO - Processing file /opt/airflow/dags/airflow.py for tasks to queue
[2025-10-06T19:24:05.989+0000] {logging_mixin.py:188} INFO - [2025-10-06T19:24:05.988+0000] {dagbag.py:545} INFO - Filling up the DagBag from /opt/airflow/dags/airflow.py
[2025-10-06T19:24:06.932+0000] {processor.py:840} INFO - DAG(s) 'Airflow_Lab1' retrieved from /opt/airflow/dags/airflow.py
[2025-10-06T19:24:06.973+0000] {logging_mixin.py:188} INFO - [2025-10-06T19:24:06.972+0000] {dag.py:3096} INFO - Sync 1 DAGs
[2025-10-06T19:24:07.035+0000] {logging_mixin.py:188} INFO - [2025-10-06T19:24:07.034+0000] {dag.py:3954} INFO - Setting next_dagrun for Airflow_Lab1 to 2025-10-06 00:00:00+00:00, run_after=2025-10-07 00:00:00+00:00
[2025-10-06T19:24:07.072+0000] {processor.py:183} INFO - Processing /opt/airflow/dags/airflow.py took 1.107 seconds
[2025-10-06T19:24:37.254+0000] {processor.py:161} INFO - Started process (PID=123) to work on /opt/airflow/dags/airflow.py
[2025-10-06T19:24:37.257+0000] {processor.py:830} INFO - Processing file /opt/airflow/dags/airflow.py for tasks to queue
[2025-10-06T19:24:37.260+0000] {logging_mixin.py:188} INFO - [2025-10-06T19:24:37.260+0000] {dagbag.py:545} INFO - Filling up the DagBag from /opt/airflow/dags/airflow.py
[2025-10-06T19:24:38.079+0000] {processor.py:840} INFO - DAG(s) 'Airflow_Lab1' retrieved from /opt/airflow/dags/airflow.py
[2025-10-06T19:24:38.099+0000] {logging_mixin.py:188} INFO - [2025-10-06T19:24:38.099+0000] {dag.py:3096} INFO - Sync 1 DAGs
[2025-10-06T19:24:38.112+0000] {logging_mixin.py:188} INFO - [2025-10-06T19:24:38.112+0000] {dag.py:3954} INFO - Setting next_dagrun for Airflow_Lab1 to 2025-10-06 00:00:00+00:00, run_after=2025-10-07 00:00:00+00:00
[2025-10-06T19:24:38.120+0000] {processor.py:183} INFO - Processing /opt/airflow/dags/airflow.py took 0.879 seconds
[2025-10-06T19:25:08.473+0000] {processor.py:161} INFO - Started process (PID=138) to work on /opt/airflow/dags/airflow.py
[2025-10-06T19:25:08.476+0000] {processor.py:830} INFO - Processing file /opt/airflow/dags/airflow.py for tasks to queue
[2025-10-06T19:25:08.482+0000] {logging_mixin.py:188} INFO - [2025-10-06T19:25:08.482+0000] {dagbag.py:545} INFO - Filling up the DagBag from /opt/airflow/dags/airflow.py
[2025-10-06T19:25:09.509+0000] {processor.py:840} INFO - DAG(s) 'Airflow_Lab1' retrieved from /opt/airflow/dags/airflow.py
[2025-10-06T19:25:09.542+0000] {logging_mixin.py:188} INFO - [2025-10-06T19:25:09.542+0000] {dag.py:3096} INFO - Sync 1 DAGs
[2025-10-06T19:25:09.555+0000] {logging_mixin.py:188} INFO - [2025-10-06T19:25:09.555+0000] {dag.py:3954} INFO - Setting next_dagrun for Airflow_Lab1 to 2025-10-06 00:00:00+00:00, run_after=2025-10-07 00:00:00+00:00
[2025-10-06T19:25:09.565+0000] {processor.py:183} INFO - Processing /opt/airflow/dags/airflow.py took 1.105 seconds
[2025-10-06T19:25:39.868+0000] {processor.py:161} INFO - Started process (PID=153) to work on /opt/airflow/dags/airflow.py
[2025-10-06T19:25:39.871+0000] {processor.py:830} INFO - Processing file /opt/airflow/dags/airflow.py for tasks to queue
[2025-10-06T19:25:39.874+0000] {logging_mixin.py:188} INFO - [2025-10-06T19:25:39.874+0000] {dagbag.py:545} INFO - Filling up the DagBag from /opt/airflow/dags/airflow.py
[2025-10-06T19:25:40.716+0000] {processor.py:840} INFO - DAG(s) 'Airflow_Lab1' retrieved from /opt/airflow/dags/airflow.py
[2025-10-06T19:25:40.737+0000] {logging_mixin.py:188} INFO - [2025-10-06T19:25:40.736+0000] {dag.py:3096} INFO - Sync 1 DAGs
[2025-10-06T19:25:40.748+0000] {logging_mixin.py:188} INFO - [2025-10-06T19:25:40.748+0000] {dag.py:3954} INFO - Setting next_dagrun for Airflow_Lab1 to 2025-10-06 00:00:00+00:00, run_after=2025-10-07 00:00:00+00:00
[2025-10-06T19:25:40.757+0000] {processor.py:183} INFO - Processing /opt/airflow/dags/airflow.py took 0.910 seconds
