[2025-10-06T19:10:47.836+0000] {manager.py:470} INFO - Processing files using up to 2 processes at a time 
[2025-10-06T19:10:47.837+0000] {manager.py:471} INFO - Process each file at most once every 30 seconds
[2025-10-06T19:10:47.839+0000] {manager.py:472} INFO - Checking for new files in /opt/airflow/dags every 300 seconds
[2025-10-06T19:10:47.839+0000] {manager.py:737} INFO - Searching for files in /opt/airflow/dags
[2025-10-06T19:10:47.861+0000] {manager.py:740} INFO - There are 1 files in /opt/airflow/dags
[2025-10-06T19:10:57.774+0000] {manager.py:878} INFO - 
================================================================================
DAG File Processing Stats

File Path                     PID    Runtime      # DAGs    # Errors  Last Runtime    Last Run
----------------------------  -----  ---------  --------  ----------  --------------  -------------------
/opt/airflow/dags/airflow.py                           0           1  3.76s           2025-10-06T19:10:51
================================================================================
[2025-10-06T19:11:28.180+0000] {manager.py:878} INFO - 
================================================================================
DAG File Processing Stats

File Path                     PID    Runtime      # DAGs    # Errors  Last Runtime    Last Run
----------------------------  -----  ---------  --------  ----------  --------------  -------------------
/opt/airflow/dags/airflow.py                           0           1  1.14s           2025-10-06T19:11:23
================================================================================
[2025-10-06T19:11:58.327+0000] {manager.py:878} INFO - 
================================================================================
DAG File Processing Stats

File Path                     PID    Runtime      # DAGs    # Errors  Last Runtime    Last Run
----------------------------  -----  ---------  --------  ----------  --------------  -------------------
/opt/airflow/dags/airflow.py                           0           1  0.87s           2025-10-06T19:11:54
================================================================================
[2025-10-06T19:12:28.484+0000] {manager.py:878} INFO - 
================================================================================
DAG File Processing Stats

File Path                     PID    Runtime      # DAGs    # Errors  Last Runtime    Last Run
----------------------------  -----  ---------  --------  ----------  --------------  -------------------
/opt/airflow/dags/airflow.py                           0           1  0.89s           2025-10-06T19:12:25
================================================================================
[2025-10-06T19:12:58.710+0000] {manager.py:878} INFO - 
================================================================================
DAG File Processing Stats

File Path                     PID    Runtime      # DAGs    # Errors  Last Runtime    Last Run
----------------------------  -----  ---------  --------  ----------  --------------  -------------------
/opt/airflow/dags/airflow.py                           0           1  0.85s           2025-10-06T19:12:56
================================================================================
[2025-10-06T19:13:29.263+0000] {manager.py:878} INFO - 
================================================================================
DAG File Processing Stats

File Path                     PID    Runtime      # DAGs    # Errors  Last Runtime    Last Run
----------------------------  -----  ---------  --------  ----------  --------------  -------------------
/opt/airflow/dags/airflow.py                           0           1  1.05s           2025-10-06T19:13:26
================================================================================
[2025-10-06T19:13:59.565+0000] {manager.py:878} INFO - 
================================================================================
DAG File Processing Stats

File Path                     PID    Runtime      # DAGs    # Errors  Last Runtime    Last Run
----------------------------  -----  ---------  --------  ----------  --------------  -------------------
/opt/airflow/dags/airflow.py                           1           0  1.31s           2025-10-06T19:13:38
================================================================================
[2025-10-06T19:14:30.121+0000] {manager.py:878} INFO - 
================================================================================
DAG File Processing Stats

File Path                     PID    Runtime      # DAGs    # Errors  Last Runtime    Last Run
----------------------------  -----  ---------  --------  ----------  --------------  -------------------
/opt/airflow/dags/airflow.py                           1           0  1.39s           2025-10-06T19:14:10
================================================================================
[2025-10-06T19:15:00.258+0000] {manager.py:878} INFO - 
================================================================================
DAG File Processing Stats

File Path                     PID    Runtime      # DAGs    # Errors  Last Runtime    Last Run
----------------------------  -----  ---------  --------  ----------  --------------  -------------------
/opt/airflow/dags/airflow.py                           1           0  1.53s           2025-10-06T19:14:42
================================================================================
[2025-10-06T19:15:30.599+0000] {manager.py:878} INFO - 
================================================================================
DAG File Processing Stats

File Path                     PID    Runtime      # DAGs    # Errors  Last Runtime    Last Run
----------------------------  -----  ---------  --------  ----------  --------------  -------------------
/opt/airflow/dags/airflow.py                           1           0  1.27s           2025-10-06T19:15:13
================================================================================
[2025-10-06T19:15:47.858+0000] {manager.py:737} INFO - Searching for files in /opt/airflow/dags
[2025-10-06T19:15:47.872+0000] {manager.py:740} INFO - There are 1 files in /opt/airflow/dags
[2025-10-06T19:16:00.936+0000] {manager.py:878} INFO - 
================================================================================
DAG File Processing Stats

File Path                     PID    Runtime      # DAGs    # Errors  Last Runtime    Last Run
----------------------------  -----  ---------  --------  ----------  --------------  -------------------
/opt/airflow/dags/airflow.py                           1           0  1.07s           2025-10-06T19:15:44
================================================================================
[2025-10-06T19:16:31.263+0000] {manager.py:878} INFO - 
================================================================================
DAG File Processing Stats

File Path                     PID    Runtime      # DAGs    # Errors  Last Runtime    Last Run
----------------------------  -----  ---------  --------  ----------  --------------  -------------------
/opt/airflow/dags/airflow.py                           1           0  1.06s           2025-10-06T19:16:16
================================================================================
[2025-10-06T19:17:01.546+0000] {manager.py:878} INFO - 
================================================================================
DAG File Processing Stats

File Path                     PID    Runtime      # DAGs    # Errors  Last Runtime    Last Run
----------------------------  -----  ---------  --------  ----------  --------------  -------------------
/opt/airflow/dags/airflow.py                           1           0  1.00s           2025-10-06T19:16:47
================================================================================
[2025-10-06T19:17:31.635+0000] {manager.py:878} INFO - 
================================================================================
DAG File Processing Stats

File Path                     PID    Runtime      # DAGs    # Errors  Last Runtime    Last Run
----------------------------  -----  ---------  --------  ----------  --------------  -------------------
/opt/airflow/dags/airflow.py                           1           0  1.81s           2025-10-06T19:17:19
================================================================================
[2025-10-06T19:18:01.891+0000] {manager.py:878} INFO - 
================================================================================
DAG File Processing Stats

File Path                     PID    Runtime      # DAGs    # Errors  Last Runtime    Last Run
----------------------------  -----  ---------  --------  ----------  --------------  -------------------
/opt/airflow/dags/airflow.py                           1           0  0.97s           2025-10-06T19:17:50
================================================================================
[2025-10-06T19:18:32.321+0000] {manager.py:878} INFO - 
================================================================================
DAG File Processing Stats

File Path                     PID    Runtime      # DAGs    # Errors  Last Runtime    Last Run
----------------------------  -----  ---------  --------  ----------  --------------  -------------------
/opt/airflow/dags/airflow.py                           1           0  1.06s           2025-10-06T19:18:22
================================================================================
[2025-10-06T19:19:02.452+0000] {manager.py:878} INFO - 
================================================================================
DAG File Processing Stats

File Path                     PID    Runtime      # DAGs    # Errors  Last Runtime    Last Run
----------------------------  -----  ---------  --------  ----------  --------------  -------------------
/opt/airflow/dags/airflow.py                           1           0  0.86s           2025-10-06T19:18:53
================================================================================
[2025-10-06T19:19:32.616+0000] {manager.py:878} INFO - 
================================================================================
DAG File Processing Stats

File Path                     PID    Runtime      # DAGs    # Errors  Last Runtime    Last Run
----------------------------  -----  ---------  --------  ----------  --------------  -------------------
/opt/airflow/dags/airflow.py                           1           0  0.87s           2025-10-06T19:19:24
================================================================================
[2025-10-06T19:20:02.886+0000] {manager.py:878} INFO - 
================================================================================
DAG File Processing Stats

File Path                     PID    Runtime      # DAGs    # Errors  Last Runtime    Last Run
----------------------------  -----  ---------  --------  ----------  --------------  -------------------
/opt/airflow/dags/airflow.py                           1           0  1.15s           2025-10-06T19:19:55
================================================================================
[2025-10-06T19:20:33.238+0000] {manager.py:878} INFO - 
================================================================================
DAG File Processing Stats

File Path                     PID    Runtime      # DAGs    # Errors  Last Runtime    Last Run
----------------------------  -----  ---------  --------  ----------  --------------  -------------------
/opt/airflow/dags/airflow.py                           1           0  1.05s           2025-10-06T19:20:27
================================================================================
[2025-10-06T19:20:47.987+0000] {manager.py:737} INFO - Searching for files in /opt/airflow/dags
[2025-10-06T19:20:48.002+0000] {manager.py:740} INFO - There are 1 files in /opt/airflow/dags
[2025-10-06T19:21:03.724+0000] {manager.py:878} INFO - 
================================================================================
DAG File Processing Stats

File Path                     PID    Runtime      # DAGs    # Errors  Last Runtime    Last Run
----------------------------  -----  ---------  --------  ----------  --------------  -------------------
/opt/airflow/dags/airflow.py                           1           0  1.57s           2025-10-06T19:20:43
================================================================================
[2025-10-06T19:21:34.498+0000] {manager.py:878} INFO - 
================================================================================
DAG File Processing Stats

File Path                     PID    Runtime      # DAGs    # Errors  Last Runtime    Last Run
----------------------------  -----  ---------  --------  ----------  --------------  -------------------
/opt/airflow/dags/airflow.py                           1           0  1.08s           2025-10-06T19:21:15
================================================================================
[2025-10-06T19:21:36.607+0000] {manager.py:452} INFO - Exiting gracefully upon receiving signal 15
[2025-10-06T19:22:46.156+0000] {manager.py:470} INFO - Processing files using up to 2 processes at a time 
[2025-10-06T19:22:46.161+0000] {manager.py:471} INFO - Process each file at most once every 30 seconds
[2025-10-06T19:22:46.165+0000] {manager.py:472} INFO - Checking for new files in /opt/airflow/dags every 300 seconds
[2025-10-06T19:22:46.166+0000] {manager.py:737} INFO - Searching for files in /opt/airflow/dags
[2025-10-06T19:22:46.192+0000] {manager.py:740} INFO - There are 1 files in /opt/airflow/dags
[2025-10-06T19:22:46.308+0000] {manager.py:878} INFO - 
================================================================================
DAG File Processing Stats

File Path                       PID  Runtime      # DAGs    # Errors  Last Runtime    Last Run
----------------------------  -----  ---------  --------  ----------  --------------  ----------
/opt/airflow/dags/airflow.py     63  0.06s             0           0
================================================================================
[2025-10-06T19:23:16.972+0000] {manager.py:878} INFO - 
================================================================================
DAG File Processing Stats

File Path                     PID    Runtime      # DAGs    # Errors  Last Runtime    Last Run
----------------------------  -----  ---------  --------  ----------  --------------  -------------------
/opt/airflow/dags/airflow.py                           1           0  1.24s           2025-10-06T19:23:04
================================================================================
[2025-10-06T19:23:47.396+0000] {manager.py:878} INFO - 
================================================================================
DAG File Processing Stats

File Path                     PID    Runtime      # DAGs    # Errors  Last Runtime    Last Run
----------------------------  -----  ---------  --------  ----------  --------------  -------------------
/opt/airflow/dags/airflow.py                           1           0  1.60s           2025-10-06T19:23:35
================================================================================
[2025-10-06T19:24:18.061+0000] {manager.py:878} INFO - 
================================================================================
DAG File Processing Stats

File Path                     PID    Runtime      # DAGs    # Errors  Last Runtime    Last Run
----------------------------  -----  ---------  --------  ----------  --------------  -------------------
/opt/airflow/dags/airflow.py                           1           0  1.15s           2025-10-06T19:24:07
================================================================================
[2025-10-06T19:24:48.221+0000] {manager.py:878} INFO - 
================================================================================
DAG File Processing Stats

File Path                     PID    Runtime      # DAGs    # Errors  Last Runtime    Last Run
----------------------------  -----  ---------  --------  ----------  --------------  -------------------
/opt/airflow/dags/airflow.py                           1           0  0.91s           2025-10-06T19:24:38
================================================================================
[2025-10-06T19:25:18.632+0000] {manager.py:878} INFO - 
================================================================================
DAG File Processing Stats

File Path                     PID    Runtime      # DAGs    # Errors  Last Runtime    Last Run
----------------------------  -----  ---------  --------  ----------  --------------  -------------------
/opt/airflow/dags/airflow.py                           1           0  1.16s           2025-10-06T19:25:09
================================================================================
[2025-10-06T19:25:48.842+0000] {manager.py:878} INFO - 
================================================================================
DAG File Processing Stats

File Path                     PID    Runtime      # DAGs    # Errors  Last Runtime    Last Run
----------------------------  -----  ---------  --------  ----------  --------------  -------------------
/opt/airflow/dags/airflow.py                           1           0  0.94s           2025-10-06T19:25:40
================================================================================
[2025-10-06T19:26:04.311+0000] {manager.py:452} INFO - Exiting gracefully upon receiving signal 15
